<?xml version="1.0" encoding="UTF-8"?>
<!-- Generated by org.testng.reporters.JUnitXMLReporter -->
<testsuite ignored="0" hostname="DESKTOP-CN71QHB" failures="2" tests="6" name="Surefire test" time="75.947" errors="0" timestamp="2025-02-05T19:01:30 GMT">
  <testcase classname="Practiceframework.Project1.NewTestCase" name="Test1" time="7.441"/>
  <testcase classname="Practiceframework.Project1.NewTestCase" name="Test1" time="13.815"/>
  <testcase classname="Practiceframework.Project1.NewTestCase" name="Test2" time="1.116">
    <skipped/>
  </testcase> <!-- Test2 -->
  <testcase classname="Practiceframework.Project1.NewTestCase" name="Test2" time="2.367">
    <failure type="java.lang.AssertionError" message="expected [Incoect email or password.] but found [Incorrect email or password.]">
      <![CDATA[java.lang.AssertionError: expected [Incoect email or password.] but found [Incorrect email or password.]
at Practiceframework.Project1.NewTestCase.Test2(NewTestCase.java:56)
at java.base/java.util.ArrayList.forEach(ArrayList.java:1596)
... Removed 36 stack frames]]>
    </failure>
  </testcase> <!-- Test2 -->
  <testcase classname="Practiceframework.Project1.Testcase1" name="Test1" time="10.297">
    <failure type="java.lang.NullPointerException" message="Cannot invoke &amp;quot;org.openqa.selenium.SearchContext.findElements(org.openqa.selenium.By)&amp;quot; because &amp;quot;this.searchContext&amp;quot; is null">
      <![CDATA[java.lang.NullPointerException: Cannot invoke "org.openqa.selenium.SearchContext.findElements(org.openqa.selenium.By)" because "this.searchContext" is null
at org.openqa.selenium.support.pagefactory.DefaultElementLocator.findElements(DefaultElementLocator.java:83)
at org.openqa.selenium.support.pagefactory.internal.LocatingElementListHandler.invoke(LocatingElementListHandler.java:36)
at jdk.proxy2/jdk.proxy2.$Proxy12.size(Unknown Source)
at Practiceframework.Project1.CartPage.checkCart(CartPage.java:28)
at Practiceframework.Project1.Testcase1.Test1(Testcase1.java:29)
at java.base/java.util.ArrayList.forEach(ArrayList.java:1596)
... Removed 30 stack frames]]>
    </failure>
  </testcase> <!-- Test1 -->
  <testcase classname="Practiceframework.Project1.TestforPractice" name="Testagain" time="2.847"/>
</testsuite> <!-- Surefire test -->
